<?xml version="1.0" encoding="UTF-8"?>
<!-- Generated by org.testng.reporters.JUnitReportReporter -->
<testsuite hostname="LAPTOP-869F5CUM" failures="0" tests="1" name="CartTest" time="8.454" errors="0" timestamp="2025-08-02T23:00:58 IST" skipped="0">
  <testcase classname="CartTest" name="CartTest" time="8.454"/>
</testsuite> <!-- CartTest -->
