<?xml version="1.0" encoding="UTF-8"?>
<!-- Generated by org.testng.reporters.JUnitReportReporter -->
<testsuite hostname="LAPTOP-869F5CUM" failures="0" tests="1" name="CheckoutTest" time="10.882" errors="0" timestamp="2025-08-02T23:00:58 IST" skipped="0">
  <testcase classname="CheckoutTest" name="checkouttest" time="10.882"/>
</testsuite> <!-- CheckoutTest -->
